<?xml version="1.0" encoding="UTF-8"?>
<!-- Generated by org.testng.reporters.JUnitReportReporter -->
<testsuite hostname="Radhagobinda" failures="0" tests="1" name="testScripts.ApplyJobsTestCase" time="370.489" errors="0" timestamp="2024-11-11T21:44:36 IST" skipped="0">
  <testcase classname="testScripts.ApplyJobsTestCase" name="ApplyJobsTestCase" time="370.489"/>
</testsuite> <!-- testScripts.ApplyJobsTestCase -->
