<?xml version="1.0" encoding="UTF-8"?>
<!-- Generated by org.testng.reporters.JUnitReportReporter -->
<testsuite hostname="Radhagobinda" failures="0" tests="2" name="testScripts.TestCase01" time="753.677" errors="0" timestamp="2024-05-06T08:01:11 IST" skipped="0">
  <testcase classname="testScripts.TestCase01" name="TestCase01" time="418.301"/>
  <testcase classname="testScripts.TestCase01" name="TestCase01" time="335.376"/>
</testsuite> <!-- testScripts.TestCase01 -->
